2021-04-09 15:31:38,INFO,COMMAND,gw_esp/FDB72ADBA9/0001020304/cmd
2021-04-09 15:31:45,INFO,DATA,gw_esp/FAD4B9DDCA/FDB72ADBA9/data
2021-04-09 15:37:08,INFO,COMMAND,gw_esp/FDB72ADBA9/0001020304/cmd
2021-04-09 15:38:16,INFO,DATA,gw_esp/FAD4B9DDCA/FDB72ADBA9/data
2021-04-09 15:38:26,INFO,DATA,gw_esp/FAD4B9DDCA/FDB72ADBA9/data
2021-04-09 15:38:36,INFO,DATA,gw_esp/FAD4B9DDCA/FDB72ADBA9/data
2021-04-09 15:38:46,INFO,DATA,gw_esp/FAD4B9DDCA/FDB72ADBA9/data
2021-04-09 15:38:56,INFO,DATA,gw_esp/FAD4B9DDCA/FDB72ADBA9/data
2021-04-09 15:39:06,INFO,DATA,gw_esp/FAD4B9DDCA/FDB72ADBA9/data
2021-04-09 15:39:16,INFO,DATA,gw_esp/FAD4B9DDCA/FDB72ADBA9/data
2021-04-09 15:39:20,INFO,COMMAND,gw_esp/FDB72ADBA9/0001020304/cmd
2021-04-09 15:39:26,INFO,DATA,gw_esp/FAD4B9DDCA/FDB72ADBA9/data
2021-04-09 15:40:26,INFO,DATA,gw_esp/FAD4B9DDCA/FDB72ADBA9/data
2021-04-09 15:40:28,INFO,COMMAND,gw_esp/FDB72ADBA9/0001020304/cmd
2021-04-09 15:40:36,INFO,DATA,gw_esp/FAD4B9DDCA/FDB72ADBA9/data
2021-04-09 15:40:38,INFO,COMMAND,gw_esp/FDB72ADBA9/0001020304/cmd
2021-04-09 15:41:36,INFO,DATA,gw_esp/FAD4B9DDCA/FDB72ADBA9/data
2021-04-09 15:41:46,INFO,DATA,gw_esp/FAD4B9DDCA/FDB72ADBA9/data
2021-04-09 15:41:56,INFO,DATA,gw_esp/FAD4B9DDCA/FDB72ADBA9/data
2021-04-09 15:42:06,INFO,DATA,gw_esp/FAD4B9DDCA/FDB72ADBA9/data
2021-04-09 15:42:16,INFO,DATA,gw_esp/FAD4B9DDCA/FDB72ADBA9/data
2021-04-09 15:42:26,INFO,DATA,gw_esp/FAD4B9DDCA/FDB72ADBA9/data
2021-04-09 15:42:36,INFO,DATA,gw_esp/FAD4B9DDCA/FDB72ADBA9/data
2021-04-09 15:42:46,INFO,DATA,gw_esp/FAD4B9DDCA/FDB72ADBA9/data
2021-04-09 15:42:56,INFO,DATA,gw_esp/FAD4B9DDCA/FDB72ADBA9/data
2021-04-09 15:43:06,INFO,DATA,gw_esp/FAD4B9DDCA/FDB72ADBA9/data
2021-04-09 15:43:16,INFO,DATA,gw_esp/FAD4B9DDCA/FDB72ADBA9/data
2021-04-09 15:43:26,INFO,DATA,gw_esp/FAD4B9DDCA/FDB72ADBA9/data
2021-04-09 15:43:36,INFO,DATA,gw_esp/FAD4B9DDCA/FDB72ADBA9/data
2021-04-09 15:43:46,INFO,DATA,gw_esp/FAD4B9DDCA/FDB72ADBA9/data
2021-04-09 15:43:56,INFO,DATA,gw_esp/FAD4B9DDCA/FDB72ADBA9/data
2021-04-09 15:44:06,INFO,DATA,gw_esp/FAD4B9DDCA/FDB72ADBA9/data
2021-04-09 15:44:16,INFO,DATA,gw_esp/FAD4B9DDCA/FDB72ADBA9/data
2021-04-09 15:44:26,INFO,DATA,gw_esp/FAD4B9DDCA/FDB72ADBA9/data
2021-04-09 15:44:36,INFO,DATA,gw_esp/FAD4B9DDCA/FDB72ADBA9/data
2021-04-09 15:44:46,INFO,DATA,gw_esp/FAD4B9DDCA/FDB72ADBA9/data
2021-04-09 15:44:56,INFO,DATA,gw_esp/FAD4B9DDCA/FDB72ADBA9/data
2021-04-09 15:45:07,INFO,DATA,gw_esp/FAD4B9DDCA/FDB72ADBA9/data
2021-04-09 15:45:16,INFO,DATA,gw_esp/FAD4B9DDCA/FDB72ADBA9/data
2021-04-09 15:45:26,INFO,DATA,gw_esp/FAD4B9DDCA/FDB72ADBA9/data
2021-04-09 15:45:36,INFO,DATA,gw_esp/FAD4B9DDCA/FDB72ADBA9/data
2021-04-09 15:45:46,INFO,DATA,gw_esp/FAD4B9DDCA/FDB72ADBA9/data
2021-04-09 15:45:56,INFO,DATA,gw_esp/FAD4B9DDCA/FDB72ADBA9/data
2021-04-09 15:46:06,INFO,DATA,gw_esp/FAD4B9DDCA/FDB72ADBA9/data
2021-04-09 15:46:16,INFO,DATA,gw_esp/FAD4B9DDCA/FDB72ADBA9/data
2021-04-09 15:46:26,INFO,DATA,gw_esp/FAD4B9DDCA/FDB72ADBA9/data
2021-04-09 15:46:36,INFO,DATA,gw_esp/FAD4B9DDCA/FDB72ADBA9/data
2021-04-09 15:46:46,INFO,DATA,gw_esp/FAD4B9DDCA/FDB72ADBA9/data
2021-04-09 15:46:56,INFO,DATA,gw_esp/FAD4B9DDCA/FDB72ADBA9/data
2021-04-09 15:47:06,INFO,DATA,gw_esp/FAD4B9DDCA/FDB72ADBA9/data
2021-04-09 15:47:16,INFO,DATA,gw_esp/FAD4B9DDCA/FDB72ADBA9/data
2021-04-09 15:47:26,INFO,DATA,gw_esp/FAD4B9DDCA/FDB72ADBA9/data
2021-04-09 15:47:36,INFO,DATA,gw_esp/FAD4B9DDCA/FDB72ADBA9/data
2021-04-09 15:47:46,INFO,DATA,gw_esp/FAD4B9DDCA/FDB72ADBA9/data
2021-04-09 15:47:56,INFO,DATA,gw_esp/FAD4B9DDCA/FDB72ADBA9/data
2021-04-09 15:48:07,INFO,DATA,gw_esp/FAD4B9DDCA/FDB72ADBA9/data
2021-04-09 15:48:16,INFO,DATA,gw_esp/FAD4B9DDCA/FDB72ADBA9/data
2021-04-09 15:48:26,INFO,DATA,gw_esp/FAD4B9DDCA/FDB72ADBA9/data
2021-04-09 15:48:36,INFO,DATA,gw_esp/FAD4B9DDCA/FDB72ADBA9/data
2021-04-09 15:48:46,INFO,DATA,gw_esp/FAD4B9DDCA/FDB72ADBA9/data
2021-04-09 15:48:56,INFO,DATA,gw_esp/FAD4B9DDCA/FDB72ADBA9/data
2021-04-09 15:49:06,INFO,DATA,gw_esp/FAD4B9DDCA/FDB72ADBA9/data
2021-04-09 15:49:16,INFO,DATA,gw_esp/FAD4B9DDCA/FDB72ADBA9/data
2021-04-09 15:49:26,INFO,DATA,gw_esp/FAD4B9DDCA/FDB72ADBA9/data
2021-04-09 15:49:36,INFO,DATA,gw_esp/FAD4B9DDCA/FDB72ADBA9/data
2021-04-09 15:49:46,INFO,DATA,gw_esp/FAD4B9DDCA/FDB72ADBA9/data
2021-04-09 15:49:56,INFO,DATA,gw_esp/FAD4B9DDCA/FDB72ADBA9/data
2021-04-09 15:50:06,INFO,DATA,gw_esp/FAD4B9DDCA/FDB72ADBA9/data
2021-04-09 15:50:16,INFO,DATA,gw_esp/FAD4B9DDCA/FDB72ADBA9/data
2021-04-09 15:50:26,INFO,DATA,gw_esp/FAD4B9DDCA/FDB72ADBA9/data
2021-04-09 15:50:36,INFO,DATA,gw_esp/FAD4B9DDCA/FDB72ADBA9/data
2021-04-09 16:44:08,INFO,COMMAND,gw_esp/FDB72ADBA9/0001020304/cmd
2021-04-09 16:44:16,INFO,DATA,gw_esp/FAD4B9DDCA/FDB72ADBA9/data
2021-04-09 16:44:18,INFO,COMMAND,gw_esp/FDB72ADBA9/0001020304/cmd
2021-04-09 16:44:28,INFO,COMMAND,gw_esp/FDB72ADBA9/0001020304/cmd
2021-04-09 16:44:38,INFO,COMMAND,gw_esp/FDB72ADBA9/0001020304/cmd
2021-04-09 16:44:48,INFO,COMMAND,gw_esp/FDB72ADBA9/0001020304/cmd
2021-04-09 16:44:59,INFO,COMMAND,gw_esp/FDB72ADBA9/0001020304/cmd
2021-04-09 16:45:16,INFO,DATA,gw_esp/FAD4B9DDCA/FDB72ADBA9/data
2021-04-09 16:45:18,INFO,COMMAND,gw_esp/FDB72ADBA9/0001020304/cmd
2021-04-09 16:45:26,INFO,DATA,gw_esp/FAD4B9DDCA/FDB72ADBA9/data
2021-04-09 16:45:28,INFO,COMMAND,gw_esp/FDB72ADBA9/0001020304/cmd
2021-04-09 16:45:38,INFO,COMMAND,gw_esp/FDB72ADBA9/0001020304/cmd
2021-04-09 16:45:50,INFO,COMMAND,gw_esp/FDB72ADBA9/0001020304/cmd
2021-04-09 16:45:58,INFO,COMMAND,gw_esp/FDB72ADBA9/0001020304/cmd
2021-04-09 16:46:08,INFO,COMMAND,gw_esp/FDB72ADBA9/0001020304/cmd
2021-04-09 16:46:18,INFO,COMMAND,gw_esp/FDB72ADBA9/0001020304/cmd
2021-04-09 16:46:28,INFO,COMMAND,gw_esp/FDB72ADBA9/0001020304/cmd
2021-04-09 16:46:38,INFO,COMMAND,gw_esp/FDB72ADBA9/0001020304/cmd
2021-04-09 16:46:48,INFO,COMMAND,gw_esp/FDB72ADBA9/0001020304/cmd
2021-04-09 16:46:58,INFO,COMMAND,gw_esp/FDB72ADBA9/0001020304/cmd
2021-04-09 16:47:08,INFO,COMMAND,gw_esp/FDB72ADBA9/0001020304/cmd
2021-04-09 16:47:18,INFO,COMMAND,gw_esp/FDB72ADBA9/0001020304/cmd
2021-04-09 16:47:26,INFO,DATA,gw_esp/FAD4B9DDCA/FDB72ADBA9/data
2021-04-09 16:47:28,INFO,COMMAND,gw_esp/FDB72ADBA9/0001020304/cmd
2021-04-09 16:47:36,INFO,DATA,gw_esp/FAD4B9DDCA/FDB72ADBA9/data
2021-04-09 16:47:38,INFO,COMMAND,gw_esp/FDB72ADBA9/0001020304/cmd
2021-04-09 16:47:48,INFO,COMMAND,gw_esp/FDB72ADBA9/0001020304/cmd
2021-04-09 16:47:58,INFO,COMMAND,gw_esp/FDB72ADBA9/0001020304/cmd
2021-04-09 16:48:08,INFO,COMMAND,gw_esp/FDB72ADBA9/0001020304/cmd
2021-04-09 16:48:18,INFO,COMMAND,gw_esp/FDB72ADBA9/0001020304/cmd
2021-04-09 16:48:29,INFO,COMMAND,gw_esp/FDB72ADBA9/0001020304/cmd
2021-04-09 16:48:36,INFO,DATA,gw_esp/FAD4B9DDCA/FDB72ADBA9/data
2021-04-09 16:48:38,INFO,COMMAND,gw_esp/FDB72ADBA9/0001020304/cmd
2021-04-09 16:48:48,INFO,COMMAND,gw_esp/FDB72ADBA9/0001020304/cmd
2021-04-09 16:48:58,INFO,COMMAND,gw_esp/FDB72ADBA9/0001020304/cmd
2021-04-09 16:49:08,INFO,COMMAND,gw_esp/FDB72ADBA9/0001020304/cmd
2021-04-09 16:49:18,INFO,COMMAND,gw_esp/FDB72ADBA9/0001020304/cmd
2021-04-09 16:49:28,INFO,COMMAND,gw_esp/FDB72ADBA9/0001020304/cmd
2021-04-09 16:49:36,INFO,DATA,gw_esp/FAD4B9DDCA/FDB72ADBA9/data
2021-04-09 16:49:38,INFO,COMMAND,gw_esp/FDB72ADBA9/0001020304/cmd
2021-04-09 16:49:46,INFO,DATA,gw_esp/FAD4B9DDCA/FDB72ADBA9/data
2021-04-09 16:49:48,INFO,COMMAND,gw_esp/FDB72ADBA9/0001020304/cmd
2021-04-09 16:49:59,INFO,COMMAND,gw_esp/FDB72ADBA9/0001020304/cmd
2021-04-09 16:50:08,INFO,COMMAND,gw_esp/FDB72ADBA9/0001020304/cmd
2021-04-09 16:50:18,INFO,COMMAND,gw_esp/FDB72ADBA9/0001020304/cmd
2021-04-09 16:50:28,INFO,COMMAND,gw_esp/FDB72ADBA9/0001020304/cmd
2021-04-09 16:50:38,INFO,COMMAND,gw_esp/FDB72ADBA9/0001020304/cmd
2021-04-09 16:50:46,INFO,DATA,gw_esp/FAD4B9DDCA/FDB72ADBA9/data
2021-04-09 16:50:48,INFO,COMMAND,gw_esp/FDB72ADBA9/0001020304/cmd
2021-04-09 16:50:58,INFO,COMMAND,gw_esp/FDB72ADBA9/0001020304/cmd
2021-04-09 16:51:08,INFO,COMMAND,gw_esp/FDB72ADBA9/0001020304/cmd
2021-04-09 16:51:18,INFO,COMMAND,gw_esp/FDB72ADBA9/0001020304/cmd
2021-04-09 16:51:28,INFO,COMMAND,gw_esp/FDB72ADBA9/0001020304/cmd
2021-04-09 16:51:38,INFO,COMMAND,gw_esp/FDB72ADBA9/0001020304/cmd
2021-04-09 16:51:48,INFO,COMMAND,gw_esp/FDB72ADBA9/0001020304/cmd
2021-04-09 16:51:58,INFO,COMMAND,gw_esp/FDB72ADBA9/0001020304/cmd
2021-04-09 16:52:08,INFO,COMMAND,gw_esp/FDB72ADBA9/0001020304/cmd
2021-04-09 16:52:18,INFO,COMMAND,gw_esp/FDB72ADBA9/0001020304/cmd
2021-04-09 16:52:28,INFO,COMMAND,gw_esp/FDB72ADBA9/0001020304/cmd
2021-04-09 16:52:38,INFO,COMMAND,gw_esp/FDB72ADBA9/0001020304/cmd
2021-04-09 16:52:49,INFO,COMMAND,gw_esp/FDB72ADBA9/0001020304/cmd
2021-04-09 16:52:58,INFO,COMMAND,gw_esp/FDB72ADBA9/0001020304/cmd
2021-04-09 16:53:08,INFO,COMMAND,gw_esp/FDB72ADBA9/0001020304/cmd
2021-04-09 16:53:18,INFO,COMMAND,gw_esp/FDB72ADBA9/0001020304/cmd
2021-04-09 16:53:29,INFO,COMMAND,gw_esp/FDB72ADBA9/0001020304/cmd
2021-04-09 16:53:30,INFO,COMMAND,gw_esp/FDB72ADBA9/0001020304/cmd
2021-04-09 16:53:49,INFO,COMMAND,gw_esp/FDB72ADBA9/0001020304/cmd
2021-04-09 16:53:59,INFO,COMMAND,gw_esp/FDB72ADBA9/0001020304/cmd
2021-04-09 16:54:08,INFO,COMMAND,gw_esp/FDB72ADBA9/0001020304/cmd
2021-04-09 16:54:19,INFO,COMMAND,gw_esp/FDB72ADBA9/0001020304/cmd
2021-04-09 16:54:40,INFO,COMMAND,gw_esp/FDB72ADBA9/0001020304/cmd
2021-04-09 16:54:49,INFO,COMMAND,gw_esp/FDB72ADBA9/0001020304/cmd
2021-04-09 16:54:59,INFO,COMMAND,gw_esp/FDB72ADBA9/0001020304/cmd,3C3602
2021-04-09 16:55:09,INFO,COMMAND,gw_esp/FDB72ADBA9/0001020304/cmd,3C3602
2021-04-09 16:55:19,INFO,COMMAND,gw_esp/FDB72ADBA9/0001020304/cmd,3C3602
2021-04-09 16:55:29,INFO,COMMAND,gw_esp/FDB72ADBA9/0001020304/cmd,3C3602
2021-04-09 16:55:39,INFO,COMMAND,gw_esp/FDB72ADBA9/0001020304/cmd,3C3602
2021-04-09 16:55:50,INFO,COMMAND,gw_esp/FDB72ADBA9/0001020304/cmd,3C3602
2021-04-09 16:55:59,INFO,COMMAND,gw_esp/FDB72ADBA9/0001020304/cmd,3C3602
2021-04-09 16:56:12,INFO,COMMAND,gw_esp/FDB72ADBA9/0001020304/cmd,3C3602
2021-04-09 16:56:19,INFO,COMMAND,gw_esp/FDB72ADBA9/0001020304/cmd,3C3602
2021-04-09 16:56:39,INFO,COMMAND,gw_esp/FDB72ADBA9/0001020304/cmd,3C3602
2021-04-09 16:56:50,INFO,COMMAND,gw_esp/FDB72ADBA9/0001020304/cmd,3C3602
2021-04-09 16:56:50,INFO,COMMAND,gw_esp/FDB72ADBA9/0001020304/cmd,3C3602
2021-04-09 16:56:58,INFO,COMMAND,gw_esp/FDB72ADBA9/0001020304/cmd,3C3602
2021-04-09 16:57:09,INFO,COMMAND,gw_esp/FDB72ADBA9/0001020304/cmd,3C3602
2021-04-09 16:57:19,INFO,COMMAND,gw_esp/FDB72ADBA9/0001020304/cmd,3C3602
2021-04-09 16:57:28,INFO,COMMAND,gw_esp/FDB72ADBA9/0001020304/cmd,3C3602
2021-04-09 16:57:39,INFO,COMMAND,gw_esp/FDB72ADBA9/0001020304/cmd,3C3602
2021-04-09 16:57:49,INFO,COMMAND,gw_esp/FDB72ADBA9/0001020304/cmd,3C3602
2021-04-09 16:57:56,INFO,DATA,gw_esp/FAD4B9DDCA/FDB72ADBA9/data,EEC0C6081C1311000000000000081C1311000000000000081C1311000000000000081C1311000000000000081C1311000000000000081C1311000000000000
2021-04-09 16:57:58,INFO,COMMAND,gw_esp/FDB72ADBA9/0001020304/cmd,3C3602
2021-04-09 16:58:06,INFO,DATA,gw_esp/FAD4B9DDCA/FDB72ADBA9/data,EEC0CB081C1311000000000000081C1311000000000000081C1311000000000000
2021-04-09 16:58:09,INFO,COMMAND,gw_esp/FDB72ADBA9/0001020304/cmd,3C3602
2021-04-09 16:58:19,INFO,COMMAND,gw_esp/FDB72ADBA9/0001020304/cmd,3C3602
2021-04-09 16:58:30,INFO,COMMAND,gw_esp/FDB72ADBA9/0001020304/cmd,3C3602
2021-04-09 16:58:39,INFO,COMMAND,gw_esp/FDB72ADBA9/0001020304/cmd,3C3602
2021-04-09 16:59:06,INFO,DATA,gw_esp/FAD4B9DDCA/FDB72ADBA9/data,EEC0C8081C1311000000000000081C1311000000000000081C1311000000000000081C1311000000000000081C1311000000000000081D1311000000000000081D1311000000000000081D1311000000000000081D1311000000000000081D1311000000000000
2021-04-09 16:59:16,INFO,DATA,gw_esp/FAD4B9DDCA/FDB72ADBA9/data,EEC0C9081D1311000000000000081D1311000000000000081C1311000000000000081C1311000000000000081C1311000000000000081C1311000000000000081C1311000000000000081C1311000000000000081C1311000000000000081C1311000000000000081C1311000000000000081D1311000000000000
2021-04-09 16:59:26,INFO,DATA,gw_esp/FAD4B9DDCA/FDB72ADBA9/data,EEC0CF081D1311000000000000081C1311000000000000081C1311000000000000081C1311000000000000081C1311000000000000081C1311000000000000
2021-04-09 16:59:36,INFO,DATA,gw_esp/FAD4B9DDCA/FDB72ADBA9/data,EEC0C9081C1311000000000000081C1311000000000000081C1311000000000000081C1311000000000000081C1311000000000000081C1311000000000000081C1311000000000000081C1311000000000000081C1311000000000000081C1311000000000000081C1311000000000000
2021-04-09 16:59:46,INFO,DATA,gw_esp/FAD4B9DDCA/FDB72ADBA9/data,EEC0C1081C1311000000000000081C1311000000000000081C1311000000000000081C1311000000000000081C1311000000000000081D1311000000000000081D1311000000000000
2021-04-09 16:59:56,INFO,DATA,gw_esp/FAD4B9DDCA/FDB72ADBA9/data,EEC0CA081D1311000000000000081D1311000000000000081D1311000000000000081D1311000000000000081D1311000000000000
